<?xml version="1.0" encoding="UTF-8"?>
<Site BuildName="(empty)"
	BuildStamp="20251024-1550-Experimental"
	Name="lolusskVictus"
	Generator="ctest-3.22.1"
	CompilerName="/usr/bin/c++"
	CompilerVersion="11.4.0"
	OSName="Linux"
	Hostname="lolusskVictus"
	OSRelease="6.8.0-85-generic"
	OSVersion="#85~22.04.1-Ubuntu SMP PREEMPT_DYNAMIC Fri Sep 19 16:18:59 UTC 2"
	OSPlatform="x86_64"
	Is64Bits="1"
	VendorString="GenuineIntel"
	VendorID="Intel Corporation"
	FamilyID="6"
	ModelID="186"
	ProcessorCacheSize="24576"
	NumberOfLogicalCPU="20"
	NumberOfPhysicalCPU="14"
	TotalVirtualMemory="2047"
	TotalPhysicalMemory="15624"
	LogicalProcessorsPerPhysical="1"
	ProcessorClockFrequency="3788.38"
	>
	<Testing>
		<StartDateTime>Oct 24 17:50 CEST</StartDateTime>
		<StartTestTime>1761321010</StartTestTime>
		<TestList/>
		<EndDateTime>Oct 24 17:50 CEST</EndDateTime>
		<EndTestTime>1761321010</EndTestTime>
		<ElapsedMinutes>0</ElapsedMinutes>
	</Testing>
</Site>
